0 info it worked if it ends with ok
1 verbose cli [ '/usr/bin/nodejs', '/usr/bin/npm', 'install', '-g', 'n' ]
2 info using npm@1.4.21
3 info using node@v0.10.25
4 verbose cache add [ 'n', null ]
5 verbose cache add name=undefined spec="n" args=["n",null]
6 verbose parsed url { protocol: null,
6 verbose parsed url   slashes: null,
6 verbose parsed url   auth: null,
6 verbose parsed url   host: null,
6 verbose parsed url   port: null,
6 verbose parsed url   hostname: null,
6 verbose parsed url   hash: null,
6 verbose parsed url   search: null,
6 verbose parsed url   query: null,
6 verbose parsed url   pathname: 'n',
6 verbose parsed url   path: 'n',
6 verbose parsed url   href: 'n' }
7 silly lockFile d1854cae-n n
8 verbose lock n /home/vagrant/.npm/d1854cae-n.lock
9 silly lockFile d1854cae-n n
10 silly lockFile d1854cae-n n
11 verbose addNamed [ 'n', '' ]
12 verbose addNamed [ null, '*' ]
13 silly lockFile 6b58d7dc-n n@
14 verbose lock n@ /home/vagrant/.npm/6b58d7dc-n.lock
15 silly addNameRange { name: 'n', range: '*', hasData: false }
16 verbose registry.get https://registry.npmjs.org/n not expired, no request
17 silly addNameRange number 2 { name: 'n', range: '*', hasData: true }
18 silly addNameRange versions [ 'n',
18 silly addNameRange   [ '0.0.1',
18 silly addNameRange     '0.0.2',
18 silly addNameRange     '0.0.3',
18 silly addNameRange     '0.0.4',
18 silly addNameRange     '0.1.0',
18 silly addNameRange     '0.1.1',
18 silly addNameRange     '0.1.2',
18 silly addNameRange     '0.2.0',
18 silly addNameRange     '0.2.1',
18 silly addNameRange     '0.2.2',
18 silly addNameRange     '0.3.0',
18 silly addNameRange     '0.4.0',
18 silly addNameRange     '0.4.1',
18 silly addNameRange     '0.4.2',
18 silly addNameRange     '0.5.0',
18 silly addNameRange     '0.5.1',
18 silly addNameRange     '0.5.2',
18 silly addNameRange     '0.5.3',
18 silly addNameRange     '0.5.4',
18 silly addNameRange     '0.6.0',
18 silly addNameRange     '0.6.1',
18 silly addNameRange     '0.7.0',
18 silly addNameRange     '0.7.1',
18 silly addNameRange     '0.7.2',
18 silly addNameRange     '0.7.3',
18 silly addNameRange     '0.8.0',
18 silly addNameRange     '0.8.1',
18 silly addNameRange     '0.8.2',
18 silly addNameRange     '0.9.0',
18 silly addNameRange     '0.9.1',
18 silly addNameRange     '0.9.2',
18 silly addNameRange     '0.9.3',
18 silly addNameRange     '1.0.0',
18 silly addNameRange     '1.1.0',
18 silly addNameRange     '1.2.1',
18 silly addNameRange     '1.2.2',
18 silly addNameRange     '1.2.3',
18 silly addNameRange     '1.2.4',
18 silly addNameRange     '1.2.5',
18 silly addNameRange     '1.2.6',
18 silly addNameRange     '1.2.7',
18 silly addNameRange     '1.2.8',
18 silly addNameRange     '1.2.9',
18 silly addNameRange     '1.2.11',
18 silly addNameRange     '1.2.13',
18 silly addNameRange     '1.2.14',
18 silly addNameRange     '1.3.0',
18 silly addNameRange     '1.4.0',
18 silly addNameRange     '2.0.0',
18 silly addNameRange     '1.4.1',
18 silly addNameRange     '2.0.1',
18 silly addNameRange     '1.4.2',
18 silly addNameRange     '2.0.2',
18 silly addNameRange     '2.1.0',
18 silly addNameRange     '2.1.1',
18 silly addNameRange     '2.1.2',
18 silly addNameRange     '2.1.3',
18 silly addNameRange     '2.1.4' ] ]
19 verbose addNamed [ 'n', '2.1.4' ]
20 verbose addNamed [ '2.1.4', '2.1.4' ]
21 silly lockFile 8ad3610e-n-2-1-4 n@2.1.4
22 verbose lock n@2.1.4 /home/vagrant/.npm/8ad3610e-n-2-1-4.lock
23 silly lockFile 8ad3610e-n-2-1-4 n@2.1.4
24 silly lockFile 8ad3610e-n-2-1-4 n@2.1.4
25 silly lockFile 6b58d7dc-n n@
26 silly lockFile 6b58d7dc-n n@
27 silly resolved [ { name: 'n',
27 silly resolved     description: 'Interactively Manage All Your Node Versions',
27 silly resolved     version: '2.1.4',
27 silly resolved     author: { name: 'TJ Holowaychuk', email: 'tj@vision-media.ca' },
27 silly resolved     homepage: 'https://github.com/tj/n',
27 silly resolved     bugs: { url: 'https://github.com/tj/n/issues' },
27 silly resolved     contributors: [ [Object], [Object], [Object] ],
27 silly resolved     keywords:
27 silly resolved      [ 'nvm',
27 silly resolved        'node',
27 silly resolved        'version',
27 silly resolved        'manager',
27 silly resolved        'switcher',
27 silly resolved        'node',
27 silly resolved        'binary',
27 silly resolved        'env' ],
27 silly resolved     bin: { n: './bin/n' },
27 silly resolved     repository: { type: 'git', url: 'git://github.com/tj/n.git' },
27 silly resolved     preferGlobal: true,
27 silly resolved     os: [ '!win32' ],
27 silly resolved     engines: { node: '*' },
27 silly resolved     license: 'MIT',
27 silly resolved     gitHead: 'ff9ba303d972069903c0f951ece43f47adce24e8',
27 silly resolved     _id: 'n@2.1.4',
27 silly resolved     scripts: {},
27 silly resolved     _shasum: '7546bc467a120cc96718f2716cd86c43290f94c5',
27 silly resolved     _from: 'n@',
27 silly resolved     _npmVersion: '3.10.3',
27 silly resolved     _nodeVersion: '6.3.1',
27 silly resolved     _npmUser: { name: 'qw3rtman', email: 'me@nimit.io' },
27 silly resolved     dist:
27 silly resolved      { shasum: '7546bc467a120cc96718f2716cd86c43290f94c5',
27 silly resolved        tarball: 'https://registry.npmjs.org/n/-/n-2.1.4.tgz' },
27 silly resolved     maintainers: [ [Object], [Object], [Object], [Object], [Object], [Object] ],
27 silly resolved     _npmOperationalInternal:
27 silly resolved      { host: 'packages-16-east.internal.npmjs.com',
27 silly resolved        tmp: 'tmp/n-2.1.4.tgz_1470600124670_0.21058935346081853' },
27 silly resolved     directories: {},
27 silly resolved     _resolved: 'https://registry.npmjs.org/n/-/n-2.1.4.tgz',
27 silly resolved     readme: 'ERROR: No README data found!' } ]
28 info install n@2.1.4 into /usr/local/lib
29 info installOne n@2.1.4
30 verbose lib/node_modules/n unbuild
31 verbose tar unpack /home/vagrant/.npm/n/2.1.4/package.tgz
32 silly lockFile 9a5950d7-tar-usr-local-lib-node-modules-n tar:///usr/local/lib/node_modules/n
33 verbose lock tar:///usr/local/lib/node_modules/n /home/vagrant/.npm/9a5950d7-tar-usr-local-lib-node-modules-n.lock
34 silly lockFile d05c0f8b--vagrant-npm-n-2-1-4-package-tgz tar:///home/vagrant/.npm/n/2.1.4/package.tgz
35 verbose lock tar:///home/vagrant/.npm/n/2.1.4/package.tgz /home/vagrant/.npm/d05c0f8b--vagrant-npm-n-2-1-4-package-tgz.lock
36 silly gunzTarPerm modes [ '775', '664' ]
37 error tar.unpack untar error /home/vagrant/.npm/n/2.1.4/package.tgz
38 silly lockFile 9a5950d7-tar-usr-local-lib-node-modules-n tar:///usr/local/lib/node_modules/n
39 silly lockFile 9a5950d7-tar-usr-local-lib-node-modules-n tar:///usr/local/lib/node_modules/n
40 silly lockFile d05c0f8b--vagrant-npm-n-2-1-4-package-tgz tar:///home/vagrant/.npm/n/2.1.4/package.tgz
41 silly lockFile d05c0f8b--vagrant-npm-n-2-1-4-package-tgz tar:///home/vagrant/.npm/n/2.1.4/package.tgz
42 verbose lib/node_modules/n unbuild
43 error Error: EACCES, mkdir '/usr/local/lib/node_modules'
43 error  { [Error: EACCES, mkdir '/usr/local/lib/node_modules']
43 error   errno: 3,
43 error   code: 'EACCES',
43 error   path: '/usr/local/lib/node_modules',
43 error   fstream_type: 'Directory',
43 error   fstream_path: '/usr/local/lib/node_modules/n',
43 error   fstream_class: 'DirWriter',
43 error   fstream_stack:
43 error    [ '/usr/lib/nodejs/fstream/lib/writer.js:171:23',
43 error      '/usr/lib/nodejs/mkdirp/index.js:46:53',
43 error      'Object.oncomplete (fs.js:107:15)' ] }
44 error Please try running this command again as root/Administrator.
45 error System Linux 4.2.0-42-generic
46 error command "/usr/bin/nodejs" "/usr/bin/npm" "install" "-g" "n"
47 error cwd /projects/gapnix
48 error node -v v0.10.25
49 error npm -v 1.4.21
50 error path /usr/local/lib/node_modules
51 error fstream_path /usr/local/lib/node_modules/n
52 error fstream_type Directory
53 error fstream_class DirWriter
54 error code EACCES
55 error errno 3
56 error stack Error: EACCES, mkdir '/usr/local/lib/node_modules'
57 error fstream_stack /usr/lib/nodejs/fstream/lib/writer.js:171:23
57 error fstream_stack /usr/lib/nodejs/mkdirp/index.js:46:53
57 error fstream_stack Object.oncomplete (fs.js:107:15)
58 verbose exit [ 3, true ]
